# JRE version: Java(TM) SE Runtime Environment (24.0.1+9) (build 24.0.1+9-30)
# Java VM: Java HotSpot(TM) 64-Bit Server VM (24.0.1+9-30, mixed mode, sharing, tiered, compressed oops, compressed class ptrs, g1 gc, windows-amd64)
GC Precious Log:
 CardTable entry size: 512
 Card Set container configuration: InlinePtr #cards 4 size 8 Array Of Cards #cards 32 size 80 Howl #buckets 8 coarsen threshold 7372 Howl Bitmap #cards 1024 size 144 coarsen threshold 921 Card regions per heap region 1 cards per card region 8192
 CPUs: 12 total, 12 available
 Memory: 32635M
 Large Page Support: Disabled
 NUMA Support: Disabled
 Compressed Oops: Enabled (Zero based)
 Heap Region Size: 4M
 Heap Min Capacity: 8M
 Heap Initial Capacity: 512M
 Heap Max Capacity: 8160M
 Pre-touch: Disabled
 Parallel Workers: 10
 Concurrent Workers: 3
 Concurrent Refinement Workers: 10
 Periodic GC: Disabled
Heap:
 garbage-first heap   total reserved 8355840K, committed 835584K, used 405267K [0x0000000602000000, 0x0000000800000000)
  region size 4096K, 43 young (176128K), 8 survivors (32768K)
 Metaspace       used 112810K, committed 113664K, reserved 1179648K
  class space    used 13676K, committed 14016K, reserved 1048576K
GC Heap History (20 events):
Event: 2.942 GC heap before
{Heap before GC invocations=12 (full 0):
 garbage-first heap   total reserved 8355840K, committed 274432K, used 208111K [0x0000000602000000, 0x0000000800000000)
  region size 4096K, 17 young (69632K), 3 survivors (12288K)
 Metaspace       used 35756K, committed 36224K, reserved 1114112K
  class space    used 3569K, committed 3776K, reserved 1048576K
}
Event: 2.950 GC heap after
{Heap after GC invocations=13 (full 0):
 garbage-first heap   total reserved 8355840K, committed 274432K, used 161601K [0x0000000602000000, 0x0000000800000000)
  region size 4096K, 3 young (12288K), 3 survivors (12288K)
 Metaspace       used 35756K, committed 36224K, reserved 1114112K
  class space    used 3569K, committed 3776K, reserved 1048576K
}
Event: 3.071 GC heap before
{Heap before GC invocations=14 (full 0):
 garbage-first heap   total reserved 8355840K, committed 282624K, used 218945K [0x0000000602000000, 0x0000000800000000)
  region size 4096K, 17 young (69632K), 3 survivors (12288K)
 Metaspace       used 36347K, committed 36800K, reserved 1114112K
  class space    used 3686K, committed 3840K, reserved 1048576K
}
Event: 3.079 GC heap after
{Heap after GC invocations=15 (full 0):
 garbage-first heap   total reserved 8355840K, committed 282624K, used 173258K [0x0000000602000000, 0x0000000800000000)
  region size 4096K, 3 young (12288K), 3 survivors (12288K)
 Metaspace       used 36347K, committed 36800K, reserved 1114112K
  class space    used 3686K, committed 3840K, reserved 1048576K
}
Event: 3.146 GC heap before
{Heap before GC invocations=15 (full 0):
 garbage-first heap   total reserved 8355840K, committed 282624K, used 230602K [0x0000000602000000, 0x0000000800000000)
  region size 4096K, 17 young (69632K), 3 survivors (12288K)
 Metaspace       used 36622K, committed 37056K, reserved 1114112K
  class space    used 3741K, committed 3904K, reserved 1048576K
}
Event: 3.156 GC heap after
{Heap after GC invocations=16 (full 0):
 garbage-first heap   total reserved 8355840K, committed 282624K, used 161799K [0x0000000602000000, 0x0000000800000000)
  region size 4096K, 3 young (12288K), 3 survivors (12288K)
 Metaspace       used 36622K, committed 37056K, reserved 1114112K
  class space    used 3741K, committed 3904K, reserved 1048576K
}
Event: 3.244 GC heap before
{Heap before GC invocations=16 (full 0):
 garbage-first heap   total reserved 8355840K, committed 282624K, used 231431K [0x0000000602000000, 0x0000000800000000)
  region size 4096K, 20 young (81920K), 3 survivors (12288K)
 Metaspace       used 37453K, committed 37952K, reserved 1114112K
  class space    used 3814K, committed 4032K, reserved 1048576K
}
Event: 3.257 GC heap after
{Heap after GC invocations=17 (full 0):
 garbage-first heap   total reserved 8355840K, committed 565248K, used 153119K [0x0000000602000000, 0x0000000800000000)
  region size 4096K, 3 young (12288K), 3 survivors (12288K)
 Metaspace       used 37453K, committed 37952K, reserved 1114112K
  class space    used 3814K, committed 4032K, reserved 1048576K
}
Event: 4.458 GC heap before
{Heap before GC invocations=17 (full 0):
 garbage-first heap   total reserved 8355840K, committed 565248K, used 390687K [0x0000000602000000, 0x0000000800000000)
  region size 4096K, 61 young (249856K), 3 survivors (12288K)
 Metaspace       used 53971K, committed 54528K, reserved 1114112K
  class space    used 6601K, committed 6848K, reserved 1048576K
}
Event: 4.483 GC heap after
{Heap after GC invocations=18 (full 0):
 garbage-first heap   total reserved 8355840K, committed 565248K, used 163582K [0x0000000602000000, 0x0000000800000000)
  region size 4096K, 8 young (32768K), 8 survivors (32768K)
 Metaspace       used 53971K, committed 54528K, reserved 1114112K
  class space    used 6601K, committed 6848K, reserved 1048576K
}
Event: 4.904 GC heap before
{Heap before GC invocations=18 (full 0):
 garbage-first heap   total reserved 8355840K, committed 565248K, used 347902K [0x0000000602000000, 0x0000000800000000)
  region size 4096K, 54 young (221184K), 8 survivors (32768K)
 Metaspace       used 60041K, committed 60608K, reserved 1114112K
  class space    used 7771K, committed 8000K, reserved 1048576K
}
Event: 4.926 GC heap after
{Heap after GC invocations=19 (full 0):
 garbage-first heap   total reserved 8355840K, committed 565248K, used 202384K [0x0000000602000000, 0x0000000800000000)
  region size 4096K, 8 young (32768K), 8 survivors (32768K)
 Metaspace       used 60041K, committed 60608K, reserved 1114112K
  class space    used 7771K, committed 8000K, reserved 1048576K
}
Event: 5.990 GC heap before
{Heap before GC invocations=20 (full 0):
 garbage-first heap   total reserved 8355840K, committed 565248K, used 407184K [0x0000000602000000, 0x0000000800000000)
  region size 4096K, 58 young (237568K), 8 survivors (32768K)
 Metaspace       used 76082K, committed 76800K, reserved 1179648K
  class space    used 10306K, committed 10624K, reserved 1048576K
}
Event: 6.007 GC heap after
{Heap after GC invocations=21 (full 0):
 garbage-first heap   total reserved 8355840K, committed 565248K, used 235411K [0x0000000602000000, 0x0000000800000000)
  region size 4096K, 7 young (28672K), 7 survivors (28672K)
 Metaspace       used 76082K, committed 76800K, reserved 1179648K
  class space    used 10306K, committed 10624K, reserved 1048576K
}
Event: 6.575 GC heap before
{Heap before GC invocations=21 (full 0):
 garbage-first heap   total reserved 8355840K, committed 565248K, used 436115K [0x0000000602000000, 0x0000000800000000)
  region size 4096K, 56 young (229376K), 7 survivors (28672K)
 Metaspace       used 81076K, committed 81856K, reserved 1179648K
  class space    used 11212K, committed 11520K, reserved 1048576K
}
Event: 6.595 GC heap after
{Heap after GC invocations=22 (full 0):
 garbage-first heap   total reserved 8355840K, committed 565248K, used 243981K [0x0000000602000000, 0x0000000800000000)
  region size 4096K, 3 young (12288K), 3 survivors (12288K)
 Metaspace       used 81076K, committed 81856K, reserved 1179648K
  class space    used 11212K, committed 11520K, reserved 1048576K
}
Event: 6.926 GC heap before
{Heap before GC invocations=22 (full 0):
 garbage-first heap   total reserved 8355840K, committed 565248K, used 452877K [0x0000000602000000, 0x0000000800000000)
  region size 4096K, 54 young (221184K), 3 survivors (12288K)
 Metaspace       used 82390K, committed 83072K, reserved 1179648K
  class space    used 11447K, committed 11712K, reserved 1048576K
}
Event: 6.933 GC heap after
{Heap after GC invocations=23 (full 0):
 garbage-first heap   total reserved 8355840K, committed 856064K, used 247230K [0x0000000602000000, 0x0000000800000000)
  region size 4096K, 4 young (16384K), 4 survivors (16384K)
 Metaspace       used 82390K, committed 83072K, reserved 1179648K
  class space    used 11447K, committed 11712K, reserved 1048576K
}
Event: 9.066 GC heap before
{Heap before GC invocations=24 (full 0):
 garbage-first heap   total reserved 8355840K, committed 835584K, used 669118K [0x0000000602000000, 0x0000000800000000)
  region size 4096K, 107 young (438272K), 4 survivors (16384K)
 Metaspace       used 107472K, committed 108288K, reserved 1179648K
  class space    used 12990K, committed 13312K, reserved 1048576K
}
Event: 9.080 GC heap after
{Heap after GC invocations=25 (full 0):
 garbage-first heap   total reserved 8355840K, committed 835584K, used 266003K [0x0000000602000000, 0x0000000800000000)
  region size 4096K, 8 young (32768K), 8 survivors (32768K)
 Metaspace       used 107472K, committed 108288K, reserved 1179648K
  class space    used 12990K, committed 13312K, reserved 1048576K
}

